<?xml version="1.0" encoding="UTF-8"?>
<!-- Generated by org.testng.reporters.JUnitXMLReporter -->
<testsuite ignored="0" hostname="LTIN184745" failures="0" tests="8" name="Default test" time="179.002" errors="0" timestamp="2024-05-28T14:50:15 IST">
  <testcase classname="testCases.Main" name="testUserInfo" time="22.322"/>
  <testcase classname="testCases.Main" name="testHeaderList" time="122.003"/>
  <testcase classname="testCases.Main" name="testEthicsAndComplianceVisibility" time="2.399"/>
  <testcase classname="testCases.Main" name="testnavigation" time="1.208"/>
  <testcase classname="testCases.Main" name="testResourcesOrLinkValidity" time="5.874"/>
  <testcase classname="testCases.Main" name="testprintInformation" time="0.437"/>
  <testcase classname="testCases.Main" name="testPageInformationValidity" time="0.065"/>
  <testcase classname="testCases.Main" name="testPagetInformation" time="0.154"/>
</testsuite> <!-- Default test -->
